<?xml version="1.0" encoding="UTF-8"?>
<testng-results ignored="0" total="1" passed="1" failed="0" skipped="0">
  <reporter-output>
  </reporter-output>
  <suite started-at="2020-02-29T21:42:16 IST" name="Default suite" finished-at="2020-02-29T21:42:31 IST" duration-ms="15124">
    <groups>
    </groups>
    <test started-at="2020-02-29T21:42:16 IST" name="Default test" finished-at="2020-02-29T21:42:31 IST" duration-ms="15124">
      <class name="dataDrivenPractise.MultipleWindows">
        <test-method is-config="true" signature="setUp()[pri:0, instance:dataDrivenPractise.MultipleWindows@78e94dcf]" started-at="2020-02-29T21:42:16 IST" name="setUp" finished-at="2020-02-29T21:42:24 IST" duration-ms="8166" status="PASS">
          <reporter-output>
          </reporter-output>
        </test-method> <!-- setUp -->
        <test-method signature="MultiWindow()[pri:0, instance:dataDrivenPractise.MultipleWindows@78e94dcf]" started-at="2020-02-29T21:42:24 IST" name="MultiWindow" finished-at="2020-02-29T21:42:30 IST" duration-ms="6106" status="PASS">
          <reporter-output>
          </reporter-output>
        </test-method> <!-- MultiWindow -->
        <test-method is-config="true" signature="tearDown()[pri:0, instance:dataDrivenPractise.MultipleWindows@78e94dcf]" started-at="2020-02-29T21:42:30 IST" name="tearDown" finished-at="2020-02-29T21:42:31 IST" duration-ms="796" status="PASS">
          <reporter-output>
          </reporter-output>
        </test-method> <!-- tearDown -->
      </class> <!-- dataDrivenPractise.MultipleWindows -->
    </test> <!-- Default test -->
  </suite> <!-- Default suite -->
</testng-results>
